CM00-LAST-FOUR-SSN:65CM00-RANDOM-STRING:kqiauUSER-NAME:5622085043USER-ID:3015USER-AGE:cqxCM00-RANDOM-NUM:501813012
CM00-LAST-FOUR-SSN:17CM00-RANDOM-STRING:omwflUSER-NAME:5774334161USER-ID:4267USER-AGE:ncaCM00-RANDOM-NUM:262055844
CM00-LAST-FOUR-SSN:78CM00-RANDOM-STRING:ugwlyUSER-NAME:2811113141USER-ID:6587USER-AGE:tsmCM00-RANDOM-NUM:821752081
CM00-LAST-FOUR-SSN:85CM00-RANDOM-STRING:jolsdUSER-NAME:451473470USER-ID:8571USER-AGE:jptCM00-RANDOM-NUM:87064624
CM00-LAST-FOUR-SSN:53CM00-RANDOM-STRING:ugfiwUSER-NAME:1030667128USER-ID:287USER-AGE:brdCM00-RANDOM-NUM:670301732
CM00-LAST-FOUR-SSN:85CM00-RANDOM-STRING:cqmpiUSER-NAME:246841450USER-ID:2427USER-AGE:aleCM00-RANDOM-NUM:422552270
CM00-LAST-FOUR-SSN:41CM00-RANDOM-STRING:pxtflUSER-NAME:4035105502USER-ID:2148USER-AGE:meiCM00-RANDOM-NUM:53636343
CM00-LAST-FOUR-SSN:11CM00-RANDOM-STRING:ciuhhUSER-NAME:5154088470USER-ID:5751USER-AGE:gqsCM00-RANDOM-NUM:530605860
CM00-LAST-FOUR-SSN:2CM00-RANDOM-STRING:qncwmUSER-NAME:77140410USER-ID:8851USER-AGE:yyuCM00-RANDOM-NUM:777764101
CM00-LAST-FOUR-SSN:32CM00-RANDOM-STRING:ovqljUSER-NAME:886110165USER-ID:8768USER-AGE:hryCM00-RANDOM-NUM:717624546
CM00-LAST-FOUR-SSN:60CM00-RANDOM-STRING:iywftUSER-NAME:1348273675USER-ID:6735USER-AGE:lewCM00-RANDOM-NUM:772345010
CM00-LAST-FOUR-SSN:43CM00-RANDOM-STRING:kkpsxUSER-NAME:7363657653USER-ID:5262USER-AGE:vauCM00-RANDOM-NUM:240180424
CM00-LAST-FOUR-SSN:38CM00-RANDOM-STRING:epdljUSER-NAME:6050564132USER-ID:8404USER-AGE:eebCM00-RANDOM-NUM:8353586
CM00-LAST-FOUR-SSN:84CM00-RANDOM-STRING:joviaUSER-NAME:7222065386USER-ID:4542USER-AGE:pbeCM00-RANDOM-NUM:587037481
CM00-LAST-FOUR-SSN:22CM00-RANDOM-STRING:wlbppUSER-NAME:3385436138USER-ID:5242USER-AGE:bxbCM00-RANDOM-NUM:721083331
CM00-LAST-FOUR-SSN:83CM00-RANDOM-STRING:bjuscUSER-NAME:4254643111USER-ID:7328USER-AGE:xbaCM00-RANDOM-NUM:364046005
CM00-LAST-FOUR-SSN:47CM00-RANDOM-STRING:fyqtrUSER-NAME:6031823478USER-ID:3868USER-AGE:pqsCM00-RANDOM-NUM:165044750
CM00-LAST-FOUR-SSN:86CM00-RANDOM-STRING:febpxUSER-NAME:5833112400USER-ID:1566USER-AGE:cpxCM00-RANDOM-NUM:523681662
CM00-LAST-FOUR-SSN:27CM00-RANDOM-STRING:kggcgUSER-NAME:3461208150USER-ID:2064USER-AGE:sjpCM00-RANDOM-NUM:381544480
CM00-LAST-FOUR-SSN:53CM00-RANDOM-STRING:duojbUSER-NAME:8470118381USER-ID:2173USER-AGE:ynwCM00-RANDOM-NUM:80082778
CM00-LAST-FOUR-SSN:51CM00-RANDOM-STRING:ypbwqUSER-NAME:5563688678USER-ID:5744USER-AGE:npsCM00-RANDOM-NUM:221802680
CM00-LAST-FOUR-SSN:53CM00-RANDOM-STRING:avjjrUSER-NAME:1007038860USER-ID:1642USER-AGE:biqCM00-RANDOM-NUM:870527876
CM00-LAST-FOUR-SSN:76CM00-RANDOM-STRING:hhmyuUSER-NAME:5383420220USER-ID:6418USER-AGE:atnCM00-RANDOM-NUM:375366712
CM00-LAST-FOUR-SSN:76CM00-RANDOM-STRING:ylqraUSER-NAME:5076560014USER-ID:1606USER-AGE:yeuCM00-RANDOM-NUM:652487164
CM00-LAST-FOUR-SSN:42CM00-RANDOM-STRING:rfyyjUSER-NAME:4128411587USER-ID:5180USER-AGE:ghmCM00-RANDOM-NUM:527221784
CM00-LAST-FOUR-SSN:52CM00-RANDOM-STRING:vsxckUSER-NAME:7288587626USER-ID:6118USER-AGE:yyeCM00-RANDOM-NUM:438711144
CM00-LAST-FOUR-SSN:26CM00-RANDOM-STRING:gaxxrUSER-NAME:4326452253USER-ID:11USER-AGE:yvnCM00-RANDOM-NUM:343730070
CM00-LAST-FOUR-SSN:75CM00-RANDOM-STRING:gxjwmUSER-NAME:6346131427USER-ID:4830USER-AGE:ydpCM00-RANDOM-NUM:504068852
CM00-LAST-FOUR-SSN:3CM00-RANDOM-STRING:gqxmeUSER-NAME:2547282307USER-ID:4103USER-AGE:brwCM00-RANDOM-NUM:226358735
CM00-LAST-FOUR-SSN:21CM00-RANDOM-STRING:mklmvUSER-NAME:850527710USER-ID:422USER-AGE:uxnCM00-RANDOM-NUM:825355422
CM00-LAST-FOUR-SSN:53CM00-RANDOM-STRING:jaxanUSER-NAME:2280158684USER-ID:885USER-AGE:skwCM00-RANDOM-NUM:256424512
CM00-LAST-FOUR-SSN:0CM00-RANDOM-STRING:tafsgUSER-NAME:4161043462USER-ID:7336USER-AGE:njtCM00-RANDOM-NUM:36140767
CM00-LAST-FOUR-SSN:75CM00-RANDOM-STRING:jtypoUSER-NAME:4175420430USER-ID:8262USER-AGE:hrsCM00-RANDOM-NUM:716673238
CM00-LAST-FOUR-SSN:88CM00-RANDOM-STRING:nvqukUSER-NAME:3010506685USER-ID:3661USER-AGE:dyyCM00-RANDOM-NUM:348184637
CM00-LAST-FOUR-SSN:55CM00-RANDOM-STRING:sfyycUSER-NAME:64684753USER-ID:687USER-AGE:ndwCM00-RANDOM-NUM:30230082
CM00-LAST-FOUR-SSN:13CM00-RANDOM-STRING:fxlemUSER-NAME:2247043571USER-ID:1206USER-AGE:fwdCM00-RANDOM-NUM:275475531
CM00-LAST-FOUR-SSN:51CM00-RANDOM-STRING:ejbhcUSER-NAME:4664233056USER-ID:8478USER-AGE:uiaCM00-RANDOM-NUM:463317135
CM00-LAST-FOUR-SSN:74CM00-RANDOM-STRING:khnotUSER-NAME:202383471USER-ID:5272USER-AGE:fshCM00-RANDOM-NUM:815531016
CM00-LAST-FOUR-SSN:48CM00-RANDOM-STRING:oavqwUSER-NAME:1800118511USER-ID:4813USER-AGE:ukuCM00-RANDOM-NUM:152762643
CM00-LAST-FOUR-SSN:27CM00-RANDOM-STRING:pghxfUSER-NAME:800422433USER-ID:6085USER-AGE:dtaCM00-RANDOM-NUM:527066140
CM00-LAST-FOUR-SSN:87CM00-RANDOM-STRING:ivnifUSER-NAME:6256458328USER-ID:2742USER-AGE:fyxCM00-RANDOM-NUM:403114578
CM00-LAST-FOUR-SSN:68CM00-RANDOM-STRING:vtewiUSER-NAME:5612044631USER-ID:2530USER-AGE:mtgCM00-RANDOM-NUM:460722375
CM00-LAST-FOUR-SSN:37CM00-RANDOM-STRING:owldyUSER-NAME:3660864537USER-ID:6754USER-AGE:vraCM00-RANDOM-NUM:260778022
CM00-LAST-FOUR-SSN:16CM00-RANDOM-STRING:xuuxbUSER-NAME:7050104742USER-ID:2838USER-AGE:gijCM00-RANDOM-NUM:735053601
CM00-LAST-FOUR-SSN:35CM00-RANDOM-STRING:sufnqUSER-NAME:4152860040USER-ID:6414USER-AGE:nbkCM00-RANDOM-NUM:64745500
CM00-LAST-FOUR-SSN:35CM00-RANDOM-STRING:xvqpbUSER-NAME:5653523471USER-ID:7164USER-AGE:cqhCM00-RANDOM-NUM:808602474
CM00-LAST-FOUR-SSN:48CM00-RANDOM-STRING:lexjsUSER-NAME:6585622563USER-ID:1656USER-AGE:qhcCM00-RANDOM-NUM:852633711
CM00-LAST-FOUR-SSN:22CM00-RANDOM-STRING:amopxUSER-NAME:2740378741USER-ID:1652USER-AGE:dfmCM00-RANDOM-NUM:628474423
CM00-LAST-FOUR-SSN:10CM00-RANDOM-STRING:oyhdwUSER-NAME:7603078540USER-ID:7330USER-AGE:nufCM00-RANDOM-NUM:857016321
CM00-LAST-FOUR-SSN:33CM00-RANDOM-STRING:uibxaUSER-NAME:103813667USER-ID:2818USER-AGE:kehCM00-RANDOM-NUM:784152308
CM00-LAST-FOUR-SSN:83CM00-RANDOM-STRING:txbvrUSER-NAME:8235182515USER-ID:6550USER-AGE:eghCM00-RANDOM-NUM:677015004
CM00-LAST-FOUR-SSN:24CM00-RANDOM-STRING:bmodfUSER-NAME:8073720627USER-ID:274USER-AGE:vtyCM00-RANDOM-NUM:725512027
CM00-LAST-FOUR-SSN:28CM00-RANDOM-STRING:dgipsUSER-NAME:3014505363USER-ID:2373USER-AGE:foqCM00-RANDOM-NUM:373373773
CM00-LAST-FOUR-SSN:76CM00-RANDOM-STRING:hiawcUSER-NAME:3278144357USER-ID:1142USER-AGE:rvgCM00-RANDOM-NUM:487787336
CM00-LAST-FOUR-SSN:54CM00-RANDOM-STRING:powieUSER-NAME:6847710700USER-ID:6172USER-AGE:dbwCM00-RANDOM-NUM:16637602
CM00-LAST-FOUR-SSN:73CM00-RANDOM-STRING:tmdgbUSER-NAME:4046434358USER-ID:7287USER-AGE:cdiCM00-RANDOM-NUM:45822654
CM00-LAST-FOUR-SSN:20CM00-RANDOM-STRING:dhmccUSER-NAME:7061307088USER-ID:4622USER-AGE:uduCM00-RANDOM-NUM:86308847
CM00-LAST-FOUR-SSN:47CM00-RANDOM-STRING:jyihaUSER-NAME:5162700532USER-ID:4474USER-AGE:phhCM00-RANDOM-NUM:215058616
CM00-LAST-FOUR-SSN:41CM00-RANDOM-STRING:gppwcUSER-NAME:7332080423USER-ID:5601USER-AGE:qwpCM00-RANDOM-NUM:283748284
CM00-LAST-FOUR-SSN:10CM00-RANDOM-STRING:ubfbmUSER-NAME:5218338172USER-ID:2664USER-AGE:emoCM00-RANDOM-NUM:773623872
CM00-LAST-FOUR-SSN:47CM00-RANDOM-STRING:xfbdrUSER-NAME:5605370070USER-ID:7347USER-AGE:lsbCM00-RANDOM-NUM:733232403
CM00-LAST-FOUR-SSN:74CM00-RANDOM-STRING:fwclwUSER-NAME:3642532031USER-ID:20USER-AGE:bgiCM00-RANDOM-NUM:214232136
CM00-LAST-FOUR-SSN:10CM00-RANDOM-STRING:xyaagUSER-NAME:4372637441USER-ID:2602USER-AGE:nplCM00-RANDOM-NUM:202340745
CM00-LAST-FOUR-SSN:32CM00-RANDOM-STRING:civsgUSER-NAME:335713171USER-ID:8042USER-AGE:tcyCM00-RANDOM-NUM:147707808
CM00-LAST-FOUR-SSN:55CM00-RANDOM-STRING:ipabsUSER-NAME:1466680163USER-ID:3054USER-AGE:jycCM00-RANDOM-NUM:645404751
CM00-LAST-FOUR-SSN:2CM00-RANDOM-STRING:efhkdUSER-NAME:1164204756USER-ID:5008USER-AGE:ugrCM00-RANDOM-NUM:758526362
CM00-LAST-FOUR-SSN:6CM00-RANDOM-STRING:odfcyUSER-NAME:4150144333USER-ID:2242USER-AGE:vxbCM00-RANDOM-NUM:114605813
CM00-LAST-FOUR-SSN:86CM00-RANDOM-STRING:ohlooUSER-NAME:843370133USER-ID:8374USER-AGE:rfoCM00-RANDOM-NUM:563764513
CM00-LAST-FOUR-SSN:41CM00-RANDOM-STRING:umyrxUSER-NAME:8013543860USER-ID:608USER-AGE:cksCM00-RANDOM-NUM:851364887
CM00-LAST-FOUR-SSN:83CM00-RANDOM-STRING:qwfxkUSER-NAME:4711801010USER-ID:4031USER-AGE:krrCM00-RANDOM-NUM:863187084
CM00-LAST-FOUR-SSN:46CM00-RANDOM-STRING:tppafUSER-NAME:2278668744USER-ID:1581USER-AGE:tmeCM00-RANDOM-NUM:750501038
CM00-LAST-FOUR-SSN:87CM00-RANDOM-STRING:xunbjUSER-NAME:1028664438USER-ID:5245USER-AGE:vjfCM00-RANDOM-NUM:187103850
CM00-LAST-FOUR-SSN:60CM00-RANDOM-STRING:dmjruUSER-NAME:1846501455USER-ID:5521USER-AGE:rkcCM00-RANDOM-NUM:171841787
CM00-LAST-FOUR-SSN:30CM00-RANDOM-STRING:irtlrUSER-NAME:5208520307USER-ID:5276USER-AGE:budCM00-RANDOM-NUM:206746326
CM00-LAST-FOUR-SSN:44CM00-RANDOM-STRING:ncpqaUSER-NAME:3040188738USER-ID:528USER-AGE:eexCM00-RANDOM-NUM:866767003
CM00-LAST-FOUR-SSN:40CM00-RANDOM-STRING:kmwbxUSER-NAME:7605043351USER-ID:3201USER-AGE:xvaCM00-RANDOM-NUM:603705134
CM00-LAST-FOUR-SSN:85CM00-RANDOM-STRING:uvndgUSER-NAME:8736044683USER-ID:1210USER-AGE:jahCM00-RANDOM-NUM:883555880
CM00-LAST-FOUR-SSN:87CM00-RANDOM-STRING:qiektUSER-NAME:3040246703USER-ID:423USER-AGE:uwyCM00-RANDOM-NUM:458054703
CM00-LAST-FOUR-SSN:71CM00-RANDOM-STRING:obajxUSER-NAME:3886230180USER-ID:655USER-AGE:nppCM00-RANDOM-NUM:484385388
CM00-LAST-FOUR-SSN:67CM00-RANDOM-STRING:mxwcnUSER-NAME:8603240087USER-ID:4514USER-AGE:mkkCM00-RANDOM-NUM:45067614
CM00-LAST-FOUR-SSN:26CM00-RANDOM-STRING:selodUSER-NAME:677313630USER-ID:2035USER-AGE:ytxCM00-RANDOM-NUM:530458230
CM00-LAST-FOUR-SSN:26CM00-RANDOM-STRING:flokxUSER-NAME:5142477350USER-ID:6171USER-AGE:wwsCM00-RANDOM-NUM:308703431
CM00-LAST-FOUR-SSN:30CM00-RANDOM-STRING:lcanlUSER-NAME:5046560444USER-ID:5374USER-AGE:grfCM00-RANDOM-NUM:335236458
CM00-LAST-FOUR-SSN:26CM00-RANDOM-STRING:tdubxUSER-NAME:156046463USER-ID:5523USER-AGE:hlqCM00-RANDOM-NUM:36204777
CM00-LAST-FOUR-SSN:85CM00-RANDOM-STRING:gvxjrUSER-NAME:538036042USER-ID:3168USER-AGE:dpaCM00-RANDOM-NUM:888760874
CM00-LAST-FOUR-SSN:64CM00-RANDOM-STRING:fkiuuUSER-NAME:454202514USER-ID:233USER-AGE:kioCM00-RANDOM-NUM:257627037
CM00-LAST-FOUR-SSN:83CM00-RANDOM-STRING:hodiwUSER-NAME:3573647113USER-ID:7500USER-AGE:qisCM00-RANDOM-NUM:404530127
CM00-LAST-FOUR-SSN:51CM00-RANDOM-STRING:yxryvUSER-NAME:4854067614USER-ID:3580USER-AGE:bvaCM00-RANDOM-NUM:422584617
CM00-LAST-FOUR-SSN:30CM00-RANDOM-STRING:yangtUSER-NAME:2113634508USER-ID:7453USER-AGE:oxuCM00-RANDOM-NUM:523036023
CM00-LAST-FOUR-SSN:40CM00-RANDOM-STRING:eqahiUSER-NAME:6401523887USER-ID:1820USER-AGE:ueoCM00-RANDOM-NUM:466878873
CM00-LAST-FOUR-SSN:88CM00-RANDOM-STRING:qmjtoUSER-NAME:8118586127USER-ID:1427USER-AGE:iqaCM00-RANDOM-NUM:555263662
CM00-LAST-FOUR-SSN:82CM00-RANDOM-STRING:ajnsaUSER-NAME:620052812USER-ID:866USER-AGE:fsfCM00-RANDOM-NUM:332180276
CM00-LAST-FOUR-SSN:60CM00-RANDOM-STRING:aggqmUSER-NAME:1102345037USER-ID:1171USER-AGE:eebCM00-RANDOM-NUM:504828885
CM00-LAST-FOUR-SSN:23CM00-RANDOM-STRING:hrhrrUSER-NAME:6375826050USER-ID:6873USER-AGE:mvhCM00-RANDOM-NUM:527253581
CM00-LAST-FOUR-SSN:48CM00-RANDOM-STRING:edjsiUSER-NAME:2755808433USER-ID:753USER-AGE:cxkCM00-RANDOM-NUM:563272176
CM00-LAST-FOUR-SSN:83CM00-RANDOM-STRING:tqswgUSER-NAME:6272056571USER-ID:4811USER-AGE:xpnCM00-RANDOM-NUM:751843377
CM00-LAST-FOUR-SSN:11CM00-RANDOM-STRING:nuoyoUSER-NAME:3756746416USER-ID:7832USER-AGE:bevCM00-RANDOM-NUM:765771055
CM00-LAST-FOUR-SSN:53CM00-RANDOM-STRING:gkjmcUSER-NAME:8522784575USER-ID:4616USER-AGE:fknCM00-RANDOM-NUM:366073628
CM00-LAST-FOUR-SSN:25CM00-RANDOM-STRING:ofqsgUSER-NAME:7487561026USER-ID:1702USER-AGE:iwfCM00-RANDOM-NUM:834827625
CM00-LAST-FOUR-SSN:45CM00-RANDOM-STRING:xgwadUSER-NAME:5470776646USER-ID:6505USER-AGE:ksjCM00-RANDOM-NUM:88127117
